<?xml version="1.0" encoding="UTF-8"?>
<testsuite xmlns:xsi="http://www.w3.org/2001/XMLSchema-instance" xsi:noNamespaceSchemaLocation="https://maven.apache.org/surefire/maven-surefire-plugin/xsd/surefire-test-report.xsd" version="3.0.2" name="ru.perevalov.gamerecommenderai.service.UserServiceTest" time="0.162" tests="4" errors="0" skipped="0" failures="0">
  <properties>
[...]
</properties>
  <testcase name="givenNonExistsUser_whenFindBySteamId_thenThrowsException" classname="ru.perevalov.gamerecommenderai.service.UserServiceTest" time="0.146"/>
  <testcase name="givenNonExistsUser_whenCreateIfNotExists_thenReturnNewUser" classname="ru.perevalov.gamerecommenderai.service.UserServiceTest" time="0.006">
    <system-out><![CDATA[&amp#27;[35m2025-10-06 19:59:33.132&amp#27;[0;39m &amp#27;[32m[main]&amp#27;[0;39m &amp#27;[34m| INFO  |&amp#27;[0;39m &amp#27;[36mr.p.g.service.UserService&amp#27;[0;39m &amp#27;[33m[RequestID: N/A]&amp#27;[0;39m - Created new user with steamId=76561197973845818 (userId=0c63e621-efa0-4307-83a2-e5a91a0295d6).
]]></system-out>
  </testcase>
  <testcase name="givenExistsUser_whenFindBySteamId_thenReturnCurrentUser" classname="ru.perevalov.gamerecommenderai.service.UserServiceTest" time="0.003">
    <system-out><![CDATA[&amp#27;[35m2025-10-06 19:59:33.138&amp#27;[0;39m &amp#27;[32m[main]&amp#27;[0;39m &amp#27;[34m| INFO  |&amp#27;[0;39m &amp#27;[36mr.p.g.service.UserService&amp#27;[0;39m &amp#27;[33m[RequestID: N/A]&amp#27;[0;39m - User with steamId=76561197973845818 found in DB (userId=fc309f70-efa2-4aa5-aec6-9fd8959ebb6f).
]]></system-out>
  </testcase>
  <testcase name="givenExistsUser_whenCreateIfNotExists_thenReturnCurrentUser" classname="ru.perevalov.gamerecommenderai.service.UserServiceTest" time="0.002"/>
</testsuite>